Determining if the pthread_create exist failed with the following output:
Change Dir: /home/scott/catkin_ws/build/gmapping/CMakeFiles/CMakeTmp

Run Build Command:"/usr/bin/make" "cmTC_b5bdc/fast"
/usr/bin/make -f CMakeFiles/cmTC_b5bdc.dir/build.make CMakeFiles/cmTC_b5bdc.dir/build
make[1]: Entering directory '/home/scott/catkin_ws/build/gmapping/CMakeFiles/CMakeTmp'
Building C object CMakeFiles/cmTC_b5bdc.dir/CheckSymbolExists.c.o
/usr/bin/cc    -o CMakeFiles/cmTC_b5bdc.dir/CheckSymbolExists.c.o   -c /home/scott/catkin_ws/build/gmapping/CMakeFiles/CMakeTmp/CheckSymbolExists.c
Linking C executable cmTC_b5bdc
/usr/bin/cmake -E cmake_link_script CMakeFiles/cmTC_b5bdc.dir/link.txt --verbose=1
/usr/bin/cc      -rdynamic CMakeFiles/cmTC_b5bdc.dir/CheckSymbolExists.c.o  -o cmTC_b5bdc 
CMakeFiles/cmTC_b5bdc.dir/CheckSymbolExists.c.o: In function `main':
CheckSymbolExists.c:(.text+0x14): undefined reference to `pthread_create'
CheckSymbolExists.c:(.text+0x18): undefined reference to `pthread_create'
collect2: error: ld returned 1 exit status
CMakeFiles/cmTC_b5bdc.dir/build.make:97: recipe for target 'cmTC_b5bdc' failed
make[1]: *** [cmTC_b5bdc] Error 1
make[1]: Leaving directory '/home/scott/catkin_ws/build/gmapping/CMakeFiles/CMakeTmp'
Makefile:126: recipe for target 'cmTC_b5bdc/fast' failed
make: *** [cmTC_b5bdc/fast] Error 2

File /home/scott/catkin_ws/build/gmapping/CMakeFiles/CMakeTmp/CheckSymbolExists.c:
/* */
#include <pthread.h>

int main(int argc, char** argv)
{
  (void)argv;
#ifndef pthread_create
  return ((int*)(&pthread_create))[argc];
#else
  (void)argc;
  return 0;
#endif
}

Determining if the function pthread_create exists in the pthreads failed with the following output:
Change Dir: /home/scott/catkin_ws/build/gmapping/CMakeFiles/CMakeTmp

Run Build Command:"/usr/bin/make" "cmTC_20069/fast"
/usr/bin/make -f CMakeFiles/cmTC_20069.dir/build.make CMakeFiles/cmTC_20069.dir/build
make[1]: Entering directory '/home/scott/catkin_ws/build/gmapping/CMakeFiles/CMakeTmp'
Building C object CMakeFiles/cmTC_20069.dir/CheckFunctionExists.c.o
/usr/bin/cc   -DCHECK_FUNCTION_EXISTS=pthread_create   -o CMakeFiles/cmTC_20069.dir/CheckFunctionExists.c.o   -c /usr/share/cmake-3.10/Modules/CheckFunctionExists.c
Linking C executable cmTC_20069
/usr/bin/cmake -E cmake_link_script CMakeFiles/cmTC_20069.dir/link.txt --verbose=1
/usr/bin/cc  -DCHECK_FUNCTION_EXISTS=pthread_create    -rdynamic CMakeFiles/cmTC_20069.dir/CheckFunctionExists.c.o  -o cmTC_20069 -lpthreads 
/usr/bin/ld: cannot find -lpthreads
collect2: error: ld returned 1 exit status
CMakeFiles/cmTC_20069.dir/build.make:97: recipe for target 'cmTC_20069' failed
make[1]: *** [cmTC_20069] Error 1
make[1]: Leaving directory '/home/scott/catkin_ws/build/gmapping/CMakeFiles/CMakeTmp'
Makefile:126: recipe for target 'cmTC_20069/fast' failed
make: *** [cmTC_20069/fast] Error 2


