Linked: (/home/scott/catkin_ws/devel/.private/rosserial_arduino/lib/python2.7/dist-packages/rosserial_arduino/__init__.py, /home/scott/catkin_ws/devel/lib/python2.7/dist-packages/rosserial_arduino/__init__.py)
Linked: (/home/scott/catkin_ws/devel/.private/rosserial_arduino/lib/python2.7/dist-packages/rosserial_arduino/msg/__init__.py, /home/scott/catkin_ws/devel/lib/python2.7/dist-packages/rosserial_arduino/msg/__init__.py)
Linked: (/home/scott/catkin_ws/devel/.private/rosserial_arduino/lib/python2.7/dist-packages/rosserial_arduino/msg/_Adc.py, /home/scott/catkin_ws/devel/lib/python2.7/dist-packages/rosserial_arduino/msg/_Adc.py)
Linked: (/home/scott/catkin_ws/devel/.private/rosserial_arduino/lib/python2.7/dist-packages/rosserial_arduino/srv/__init__.py, /home/scott/catkin_ws/devel/lib/python2.7/dist-packages/rosserial_arduino/srv/__init__.py)
Linked: (/home/scott/catkin_ws/devel/.private/rosserial_arduino/lib/python2.7/dist-packages/rosserial_arduino/srv/_Test.py, /home/scott/catkin_ws/devel/lib/python2.7/dist-packages/rosserial_arduino/srv/_Test.py)
Linked: (/home/scott/catkin_ws/devel/.private/rosserial_arduino/lib/pkgconfig/rosserial_arduino.pc, /home/scott/catkin_ws/devel/lib/pkgconfig/rosserial_arduino.pc)
Linked: (/home/scott/catkin_ws/devel/.private/rosserial_arduino/share/rosserial_arduino/cmake/rosserial_arduinoConfig-version.cmake, /home/scott/catkin_ws/devel/share/rosserial_arduino/cmake/rosserial_arduinoConfig-version.cmake)
Linked: (/home/scott/catkin_ws/devel/.private/rosserial_arduino/share/rosserial_arduino/cmake/rosserial_arduino-msg-paths.cmake, /home/scott/catkin_ws/devel/share/rosserial_arduino/cmake/rosserial_arduino-msg-paths.cmake)
Linked: (/home/scott/catkin_ws/devel/.private/rosserial_arduino/share/rosserial_arduino/cmake/rosserial_arduino-msg-extras.cmake, /home/scott/catkin_ws/devel/share/rosserial_arduino/cmake/rosserial_arduino-msg-extras.cmake)
Linked: (/home/scott/catkin_ws/devel/.private/rosserial_arduino/share/rosserial_arduino/cmake/rosserial_arduino-extras.cmake, /home/scott/catkin_ws/devel/share/rosserial_arduino/cmake/rosserial_arduino-extras.cmake)
Linked: (/home/scott/catkin_ws/devel/.private/rosserial_arduino/share/rosserial_arduino/cmake/rosserial_arduinoConfig.cmake, /home/scott/catkin_ws/devel/share/rosserial_arduino/cmake/rosserial_arduinoConfig.cmake)
Linked: (/home/scott/catkin_ws/devel/.private/rosserial_arduino/share/common-lisp/ros/rosserial_arduino/msg/Adc.lisp, /home/scott/catkin_ws/devel/share/common-lisp/ros/rosserial_arduino/msg/Adc.lisp)
Linked: (/home/scott/catkin_ws/devel/.private/rosserial_arduino/share/common-lisp/ros/rosserial_arduino/msg/_package_Adc.lisp, /home/scott/catkin_ws/devel/share/common-lisp/ros/rosserial_arduino/msg/_package_Adc.lisp)
Linked: (/home/scott/catkin_ws/devel/.private/rosserial_arduino/share/common-lisp/ros/rosserial_arduino/msg/rosserial_arduino-msg.asd, /home/scott/catkin_ws/devel/share/common-lisp/ros/rosserial_arduino/msg/rosserial_arduino-msg.asd)
Linked: (/home/scott/catkin_ws/devel/.private/rosserial_arduino/share/common-lisp/ros/rosserial_arduino/msg/_package.lisp, /home/scott/catkin_ws/devel/share/common-lisp/ros/rosserial_arduino/msg/_package.lisp)
Linked: (/home/scott/catkin_ws/devel/.private/rosserial_arduino/share/common-lisp/ros/rosserial_arduino/srv/rosserial_arduino-srv.asd, /home/scott/catkin_ws/devel/share/common-lisp/ros/rosserial_arduino/srv/rosserial_arduino-srv.asd)
Linked: (/home/scott/catkin_ws/devel/.private/rosserial_arduino/share/common-lisp/ros/rosserial_arduino/srv/_package_Test.lisp, /home/scott/catkin_ws/devel/share/common-lisp/ros/rosserial_arduino/srv/_package_Test.lisp)
Linked: (/home/scott/catkin_ws/devel/.private/rosserial_arduino/share/common-lisp/ros/rosserial_arduino/srv/Test.lisp, /home/scott/catkin_ws/devel/share/common-lisp/ros/rosserial_arduino/srv/Test.lisp)
Linked: (/home/scott/catkin_ws/devel/.private/rosserial_arduino/share/common-lisp/ros/rosserial_arduino/srv/_package.lisp, /home/scott/catkin_ws/devel/share/common-lisp/ros/rosserial_arduino/srv/_package.lisp)
Linked: (/home/scott/catkin_ws/devel/.private/rosserial_arduino/share/gennodejs/ros/rosserial_arduino/_index.js, /home/scott/catkin_ws/devel/share/gennodejs/ros/rosserial_arduino/_index.js)
Linked: (/home/scott/catkin_ws/devel/.private/rosserial_arduino/share/gennodejs/ros/rosserial_arduino/msg/_index.js, /home/scott/catkin_ws/devel/share/gennodejs/ros/rosserial_arduino/msg/_index.js)
Linked: (/home/scott/catkin_ws/devel/.private/rosserial_arduino/share/gennodejs/ros/rosserial_arduino/msg/Adc.js, /home/scott/catkin_ws/devel/share/gennodejs/ros/rosserial_arduino/msg/Adc.js)
Linked: (/home/scott/catkin_ws/devel/.private/rosserial_arduino/share/gennodejs/ros/rosserial_arduino/srv/_index.js, /home/scott/catkin_ws/devel/share/gennodejs/ros/rosserial_arduino/srv/_index.js)
Linked: (/home/scott/catkin_ws/devel/.private/rosserial_arduino/share/gennodejs/ros/rosserial_arduino/srv/Test.js, /home/scott/catkin_ws/devel/share/gennodejs/ros/rosserial_arduino/srv/Test.js)
Linked: (/home/scott/catkin_ws/devel/.private/rosserial_arduino/share/roseus/ros/rosserial_arduino/manifest.l, /home/scott/catkin_ws/devel/share/roseus/ros/rosserial_arduino/manifest.l)
Linked: (/home/scott/catkin_ws/devel/.private/rosserial_arduino/share/roseus/ros/rosserial_arduino/msg/Adc.l, /home/scott/catkin_ws/devel/share/roseus/ros/rosserial_arduino/msg/Adc.l)
Linked: (/home/scott/catkin_ws/devel/.private/rosserial_arduino/share/roseus/ros/rosserial_arduino/srv/Test.l, /home/scott/catkin_ws/devel/share/roseus/ros/rosserial_arduino/srv/Test.l)
Linked: (/home/scott/catkin_ws/devel/.private/rosserial_arduino/include/rosserial_arduino/TestRequest.h, /home/scott/catkin_ws/devel/include/rosserial_arduino/TestRequest.h)
Linked: (/home/scott/catkin_ws/devel/.private/rosserial_arduino/include/rosserial_arduino/TestResponse.h, /home/scott/catkin_ws/devel/include/rosserial_arduino/TestResponse.h)
Linked: (/home/scott/catkin_ws/devel/.private/rosserial_arduino/include/rosserial_arduino/Adc.h, /home/scott/catkin_ws/devel/include/rosserial_arduino/Adc.h)
Linked: (/home/scott/catkin_ws/devel/.private/rosserial_arduino/include/rosserial_arduino/Test.h, /home/scott/catkin_ws/devel/include/rosserial_arduino/Test.h)
