Determining if the pthread_create exist failed with the following output:
Change Dir: /home/scott/catkin_ws/build/laser_ortho_projector/CMakeFiles/CMakeTmp

Run Build Command:"/usr/bin/make" "cmTC_02c5b/fast"
/usr/bin/make -f CMakeFiles/cmTC_02c5b.dir/build.make CMakeFiles/cmTC_02c5b.dir/build
make[1]: Entering directory '/home/scott/catkin_ws/build/laser_ortho_projector/CMakeFiles/CMakeTmp'
Building C object CMakeFiles/cmTC_02c5b.dir/CheckSymbolExists.c.o
/usr/bin/cc    -o CMakeFiles/cmTC_02c5b.dir/CheckSymbolExists.c.o   -c /home/scott/catkin_ws/build/laser_ortho_projector/CMakeFiles/CMakeTmp/CheckSymbolExists.c
Linking C executable cmTC_02c5b
/usr/bin/cmake -E cmake_link_script CMakeFiles/cmTC_02c5b.dir/link.txt --verbose=1
/usr/bin/cc      -rdynamic CMakeFiles/cmTC_02c5b.dir/CheckSymbolExists.c.o  -o cmTC_02c5b 
CMakeFiles/cmTC_02c5b.dir/CheckSymbolExists.c.o: In function `main':
CheckSymbolExists.c:(.text+0x14): undefined reference to `pthread_create'
CheckSymbolExists.c:(.text+0x18): undefined reference to `pthread_create'
collect2: error: ld returned 1 exit status
CMakeFiles/cmTC_02c5b.dir/build.make:97: recipe for target 'cmTC_02c5b' failed
make[1]: *** [cmTC_02c5b] Error 1
make[1]: Leaving directory '/home/scott/catkin_ws/build/laser_ortho_projector/CMakeFiles/CMakeTmp'
Makefile:126: recipe for target 'cmTC_02c5b/fast' failed
make: *** [cmTC_02c5b/fast] Error 2

File /home/scott/catkin_ws/build/laser_ortho_projector/CMakeFiles/CMakeTmp/CheckSymbolExists.c:
/* */
#include <pthread.h>

int main(int argc, char** argv)
{
  (void)argv;
#ifndef pthread_create
  return ((int*)(&pthread_create))[argc];
#else
  (void)argc;
  return 0;
#endif
}

Determining if the function pthread_create exists in the pthreads failed with the following output:
Change Dir: /home/scott/catkin_ws/build/laser_ortho_projector/CMakeFiles/CMakeTmp

Run Build Command:"/usr/bin/make" "cmTC_c1a6a/fast"
/usr/bin/make -f CMakeFiles/cmTC_c1a6a.dir/build.make CMakeFiles/cmTC_c1a6a.dir/build
make[1]: Entering directory '/home/scott/catkin_ws/build/laser_ortho_projector/CMakeFiles/CMakeTmp'
Building C object CMakeFiles/cmTC_c1a6a.dir/CheckFunctionExists.c.o
/usr/bin/cc   -DCHECK_FUNCTION_EXISTS=pthread_create   -o CMakeFiles/cmTC_c1a6a.dir/CheckFunctionExists.c.o   -c /usr/share/cmake-3.10/Modules/CheckFunctionExists.c
Linking C executable cmTC_c1a6a
/usr/bin/cmake -E cmake_link_script CMakeFiles/cmTC_c1a6a.dir/link.txt --verbose=1
/usr/bin/cc  -DCHECK_FUNCTION_EXISTS=pthread_create    -rdynamic CMakeFiles/cmTC_c1a6a.dir/CheckFunctionExists.c.o  -o cmTC_c1a6a -lpthreads 
/usr/bin/ld: cannot find -lpthreads
collect2: error: ld returned 1 exit status
CMakeFiles/cmTC_c1a6a.dir/build.make:97: recipe for target 'cmTC_c1a6a' failed
make[1]: *** [cmTC_c1a6a] Error 1
make[1]: Leaving directory '/home/scott/catkin_ws/build/laser_ortho_projector/CMakeFiles/CMakeTmp'
Makefile:126: recipe for target 'cmTC_c1a6a/fast' failed
make: *** [cmTC_c1a6a/fast] Error 2


