Determining if the pthread_create exist failed with the following output:
Change Dir: /home/scott/catkin_ws/build/rosserial_tivac/CMakeFiles/CMakeTmp

Run Build Command:"/usr/bin/make" "cmTC_7d17f/fast"
/usr/bin/make -f CMakeFiles/cmTC_7d17f.dir/build.make CMakeFiles/cmTC_7d17f.dir/build
make[1]: Entering directory '/home/scott/catkin_ws/build/rosserial_tivac/CMakeFiles/CMakeTmp'
Building C object CMakeFiles/cmTC_7d17f.dir/CheckSymbolExists.c.o
/usr/bin/cc    -o CMakeFiles/cmTC_7d17f.dir/CheckSymbolExists.c.o   -c /home/scott/catkin_ws/build/rosserial_tivac/CMakeFiles/CMakeTmp/CheckSymbolExists.c
Linking C executable cmTC_7d17f
/usr/bin/cmake -E cmake_link_script CMakeFiles/cmTC_7d17f.dir/link.txt --verbose=1
/usr/bin/cc      -rdynamic CMakeFiles/cmTC_7d17f.dir/CheckSymbolExists.c.o  -o cmTC_7d17f 
CMakeFiles/cmTC_7d17f.dir/CheckSymbolExists.c.o: In function `main':
CheckSymbolExists.c:(.text+0x14): undefined reference to `pthread_create'
CheckSymbolExists.c:(.text+0x18): undefined reference to `pthread_create'
collect2: error: ld returned 1 exit status
CMakeFiles/cmTC_7d17f.dir/build.make:97: recipe for target 'cmTC_7d17f' failed
make[1]: *** [cmTC_7d17f] Error 1
make[1]: Leaving directory '/home/scott/catkin_ws/build/rosserial_tivac/CMakeFiles/CMakeTmp'
Makefile:126: recipe for target 'cmTC_7d17f/fast' failed
make: *** [cmTC_7d17f/fast] Error 2

File /home/scott/catkin_ws/build/rosserial_tivac/CMakeFiles/CMakeTmp/CheckSymbolExists.c:
/* */
#include <pthread.h>

int main(int argc, char** argv)
{
  (void)argv;
#ifndef pthread_create
  return ((int*)(&pthread_create))[argc];
#else
  (void)argc;
  return 0;
#endif
}

Determining if the function pthread_create exists in the pthreads failed with the following output:
Change Dir: /home/scott/catkin_ws/build/rosserial_tivac/CMakeFiles/CMakeTmp

Run Build Command:"/usr/bin/make" "cmTC_02496/fast"
/usr/bin/make -f CMakeFiles/cmTC_02496.dir/build.make CMakeFiles/cmTC_02496.dir/build
make[1]: Entering directory '/home/scott/catkin_ws/build/rosserial_tivac/CMakeFiles/CMakeTmp'
Building C object CMakeFiles/cmTC_02496.dir/CheckFunctionExists.c.o
/usr/bin/cc   -DCHECK_FUNCTION_EXISTS=pthread_create   -o CMakeFiles/cmTC_02496.dir/CheckFunctionExists.c.o   -c /usr/share/cmake-3.10/Modules/CheckFunctionExists.c
Linking C executable cmTC_02496
/usr/bin/cmake -E cmake_link_script CMakeFiles/cmTC_02496.dir/link.txt --verbose=1
/usr/bin/cc  -DCHECK_FUNCTION_EXISTS=pthread_create    -rdynamic CMakeFiles/cmTC_02496.dir/CheckFunctionExists.c.o  -o cmTC_02496 -lpthreads 
/usr/bin/ld: cannot find -lpthreads
collect2: error: ld returned 1 exit status
CMakeFiles/cmTC_02496.dir/build.make:97: recipe for target 'cmTC_02496' failed
make[1]: *** [cmTC_02496] Error 1
make[1]: Leaving directory '/home/scott/catkin_ws/build/rosserial_tivac/CMakeFiles/CMakeTmp'
Makefile:126: recipe for target 'cmTC_02496/fast' failed
make: *** [cmTC_02496/fast] Error 2


