Determining if the pthread_create exist failed with the following output:
Change Dir: /home/scott/catkin_ws/build/rosserial_server/CMakeFiles/CMakeTmp

Run Build Command:"/usr/bin/make" "cmTC_fcf7a/fast"
/usr/bin/make -f CMakeFiles/cmTC_fcf7a.dir/build.make CMakeFiles/cmTC_fcf7a.dir/build
make[1]: Entering directory '/home/scott/catkin_ws/build/rosserial_server/CMakeFiles/CMakeTmp'
Building C object CMakeFiles/cmTC_fcf7a.dir/CheckSymbolExists.c.o
/usr/bin/cc    -o CMakeFiles/cmTC_fcf7a.dir/CheckSymbolExists.c.o   -c /home/scott/catkin_ws/build/rosserial_server/CMakeFiles/CMakeTmp/CheckSymbolExists.c
Linking C executable cmTC_fcf7a
/usr/bin/cmake -E cmake_link_script CMakeFiles/cmTC_fcf7a.dir/link.txt --verbose=1
/usr/bin/cc      -rdynamic CMakeFiles/cmTC_fcf7a.dir/CheckSymbolExists.c.o  -o cmTC_fcf7a 
CMakeFiles/cmTC_fcf7a.dir/CheckSymbolExists.c.o: In function `main':
CheckSymbolExists.c:(.text+0x14): undefined reference to `pthread_create'
CheckSymbolExists.c:(.text+0x18): undefined reference to `pthread_create'
collect2: error: ld returned 1 exit status
CMakeFiles/cmTC_fcf7a.dir/build.make:97: recipe for target 'cmTC_fcf7a' failed
make[1]: *** [cmTC_fcf7a] Error 1
make[1]: Leaving directory '/home/scott/catkin_ws/build/rosserial_server/CMakeFiles/CMakeTmp'
Makefile:126: recipe for target 'cmTC_fcf7a/fast' failed
make: *** [cmTC_fcf7a/fast] Error 2

File /home/scott/catkin_ws/build/rosserial_server/CMakeFiles/CMakeTmp/CheckSymbolExists.c:
/* */
#include <pthread.h>

int main(int argc, char** argv)
{
  (void)argv;
#ifndef pthread_create
  return ((int*)(&pthread_create))[argc];
#else
  (void)argc;
  return 0;
#endif
}

Determining if the function pthread_create exists in the pthreads failed with the following output:
Change Dir: /home/scott/catkin_ws/build/rosserial_server/CMakeFiles/CMakeTmp

Run Build Command:"/usr/bin/make" "cmTC_47c8a/fast"
/usr/bin/make -f CMakeFiles/cmTC_47c8a.dir/build.make CMakeFiles/cmTC_47c8a.dir/build
make[1]: Entering directory '/home/scott/catkin_ws/build/rosserial_server/CMakeFiles/CMakeTmp'
Building C object CMakeFiles/cmTC_47c8a.dir/CheckFunctionExists.c.o
/usr/bin/cc   -DCHECK_FUNCTION_EXISTS=pthread_create   -o CMakeFiles/cmTC_47c8a.dir/CheckFunctionExists.c.o   -c /usr/share/cmake-3.10/Modules/CheckFunctionExists.c
Linking C executable cmTC_47c8a
/usr/bin/cmake -E cmake_link_script CMakeFiles/cmTC_47c8a.dir/link.txt --verbose=1
/usr/bin/cc  -DCHECK_FUNCTION_EXISTS=pthread_create    -rdynamic CMakeFiles/cmTC_47c8a.dir/CheckFunctionExists.c.o  -o cmTC_47c8a -lpthreads 
/usr/bin/ld: cannot find -lpthreads
collect2: error: ld returned 1 exit status
CMakeFiles/cmTC_47c8a.dir/build.make:97: recipe for target 'cmTC_47c8a' failed
make[1]: *** [cmTC_47c8a] Error 1
make[1]: Leaving directory '/home/scott/catkin_ws/build/rosserial_server/CMakeFiles/CMakeTmp'
Makefile:126: recipe for target 'cmTC_47c8a/fast' failed
make: *** [cmTC_47c8a/fast] Error 2


