Determining if the pthread_create exist failed with the following output:
Change Dir: /home/scott/catkin_ws/build/localization/CMakeFiles/CMakeTmp

Run Build Command:"/usr/bin/make" "cmTC_8846e/fast"
/usr/bin/make -f CMakeFiles/cmTC_8846e.dir/build.make CMakeFiles/cmTC_8846e.dir/build
make[1]: Entering directory '/home/scott/catkin_ws/build/localization/CMakeFiles/CMakeTmp'
Building C object CMakeFiles/cmTC_8846e.dir/CheckSymbolExists.c.o
/usr/bin/cc    -o CMakeFiles/cmTC_8846e.dir/CheckSymbolExists.c.o   -c /home/scott/catkin_ws/build/localization/CMakeFiles/CMakeTmp/CheckSymbolExists.c
Linking C executable cmTC_8846e
/usr/bin/cmake -E cmake_link_script CMakeFiles/cmTC_8846e.dir/link.txt --verbose=1
/usr/bin/cc      -rdynamic CMakeFiles/cmTC_8846e.dir/CheckSymbolExists.c.o  -o cmTC_8846e 
CMakeFiles/cmTC_8846e.dir/CheckSymbolExists.c.o: In function `main':
CheckSymbolExists.c:(.text+0x14): undefined reference to `pthread_create'
CheckSymbolExists.c:(.text+0x18): undefined reference to `pthread_create'
collect2: error: ld returned 1 exit status
CMakeFiles/cmTC_8846e.dir/build.make:97: recipe for target 'cmTC_8846e' failed
make[1]: *** [cmTC_8846e] Error 1
make[1]: Leaving directory '/home/scott/catkin_ws/build/localization/CMakeFiles/CMakeTmp'
Makefile:126: recipe for target 'cmTC_8846e/fast' failed
make: *** [cmTC_8846e/fast] Error 2

File /home/scott/catkin_ws/build/localization/CMakeFiles/CMakeTmp/CheckSymbolExists.c:
/* */
#include <pthread.h>

int main(int argc, char** argv)
{
  (void)argv;
#ifndef pthread_create
  return ((int*)(&pthread_create))[argc];
#else
  (void)argc;
  return 0;
#endif
}

Determining if the function pthread_create exists in the pthreads failed with the following output:
Change Dir: /home/scott/catkin_ws/build/localization/CMakeFiles/CMakeTmp

Run Build Command:"/usr/bin/make" "cmTC_dc138/fast"
/usr/bin/make -f CMakeFiles/cmTC_dc138.dir/build.make CMakeFiles/cmTC_dc138.dir/build
make[1]: Entering directory '/home/scott/catkin_ws/build/localization/CMakeFiles/CMakeTmp'
Building C object CMakeFiles/cmTC_dc138.dir/CheckFunctionExists.c.o
/usr/bin/cc   -DCHECK_FUNCTION_EXISTS=pthread_create   -o CMakeFiles/cmTC_dc138.dir/CheckFunctionExists.c.o   -c /usr/share/cmake-3.10/Modules/CheckFunctionExists.c
Linking C executable cmTC_dc138
/usr/bin/cmake -E cmake_link_script CMakeFiles/cmTC_dc138.dir/link.txt --verbose=1
/usr/bin/cc  -DCHECK_FUNCTION_EXISTS=pthread_create    -rdynamic CMakeFiles/cmTC_dc138.dir/CheckFunctionExists.c.o  -o cmTC_dc138 -lpthreads 
/usr/bin/ld: cannot find -lpthreads
collect2: error: ld returned 1 exit status
CMakeFiles/cmTC_dc138.dir/build.make:97: recipe for target 'cmTC_dc138' failed
make[1]: *** [cmTC_dc138] Error 1
make[1]: Leaving directory '/home/scott/catkin_ws/build/localization/CMakeFiles/CMakeTmp'
Makefile:126: recipe for target 'cmTC_dc138/fast' failed
make: *** [cmTC_dc138/fast] Error 2


