[36m--[0m Using CATKIN_DEVEL_PREFIX: /home/scott/catkin_ws/devel/.private/scott_driver
[36m--[0m Using CMAKE_PREFIX_PATH: /home/scott/catkin_ws/devel;/opt/ros/melodic
[36m--[0m This workspace overlays: /home/scott/catkin_ws/devel;/opt/ros/melodic
[36m--[0m Found PythonInterp: /usr/bin/python2 (found suitable version "2.7.17", minimum required is "2")
[36m--[0m Using PYTHON_EXECUTABLE: /usr/bin/python2
[36m--[0m Using Debian Python package layout
[36m--[0m Using empy: /usr/bin/empy
[36m--[0m Using CATKIN_ENABLE_TESTING: ON
[36m--[0m Call enable_testing()
[36m--[0m Using CATKIN_TEST_RESULTS_DIR: /home/scott/catkin_ws/build/scott_driver/test_results
[36m--[0m Found gtest sources under '/usr/src/googletest': gtests will be built
[36m--[0m Found gmock sources under '/usr/src/googletest': gmock will be built
[36m--[0m Found PythonInterp: /usr/bin/python2 (found version "2.7.17")
[36m--[0m Using Python nosetests: /usr/bin/nosetests-2.7
[36m--[0m catkin 0.7.29
[36m--[0m BUILD_SHARED_LIBS is on
[31m[1mCMake Error[0m at /home/scott/catkin_ws/src/scott_driver/CMakeLists.txt:135 (add_executable):
  add_executable called with incorrect number of arguments


[31m[1mCMake Error[0m at /home/scott/catkin_ws/src/scott_driver/CMakeLists.txt:148 (target_link_libraries):
  Cannot specify link libraries for target "random_driver" which is not built
  by this project.


[36m--[0m Configuring incomplete, errors occurred!
See also "/home/scott/catkin_ws/build/scott_driver/CMakeFiles/CMakeOutput.log".
See also "/home/scott/catkin_ws/build/scott_driver/CMakeFiles/CMakeError.log".
Makefile:530: recipe for target 'cmake_check_build_system' failed
make: *** [cmake_check_build_system] Error 1
