Determining if the pthread_create exist failed with the following output:
Change Dir: /home/scott/catkin_ws/build/rosserial_python/CMakeFiles/CMakeTmp

Run Build Command:"/usr/bin/make" "cmTC_cd2d5/fast"
/usr/bin/make -f CMakeFiles/cmTC_cd2d5.dir/build.make CMakeFiles/cmTC_cd2d5.dir/build
make[1]: Entering directory '/home/scott/catkin_ws/build/rosserial_python/CMakeFiles/CMakeTmp'
Building C object CMakeFiles/cmTC_cd2d5.dir/CheckSymbolExists.c.o
/usr/bin/cc    -o CMakeFiles/cmTC_cd2d5.dir/CheckSymbolExists.c.o   -c /home/scott/catkin_ws/build/rosserial_python/CMakeFiles/CMakeTmp/CheckSymbolExists.c
Linking C executable cmTC_cd2d5
/usr/bin/cmake -E cmake_link_script CMakeFiles/cmTC_cd2d5.dir/link.txt --verbose=1
/usr/bin/cc      -rdynamic CMakeFiles/cmTC_cd2d5.dir/CheckSymbolExists.c.o  -o cmTC_cd2d5 
CMakeFiles/cmTC_cd2d5.dir/CheckSymbolExists.c.o: In function `main':
CheckSymbolExists.c:(.text+0x14): undefined reference to `pthread_create'
CheckSymbolExists.c:(.text+0x18): undefined reference to `pthread_create'
collect2: error: ld returned 1 exit status
CMakeFiles/cmTC_cd2d5.dir/build.make:97: recipe for target 'cmTC_cd2d5' failed
make[1]: *** [cmTC_cd2d5] Error 1
make[1]: Leaving directory '/home/scott/catkin_ws/build/rosserial_python/CMakeFiles/CMakeTmp'
Makefile:126: recipe for target 'cmTC_cd2d5/fast' failed
make: *** [cmTC_cd2d5/fast] Error 2

File /home/scott/catkin_ws/build/rosserial_python/CMakeFiles/CMakeTmp/CheckSymbolExists.c:
/* */
#include <pthread.h>

int main(int argc, char** argv)
{
  (void)argv;
#ifndef pthread_create
  return ((int*)(&pthread_create))[argc];
#else
  (void)argc;
  return 0;
#endif
}

Determining if the function pthread_create exists in the pthreads failed with the following output:
Change Dir: /home/scott/catkin_ws/build/rosserial_python/CMakeFiles/CMakeTmp

Run Build Command:"/usr/bin/make" "cmTC_7042b/fast"
/usr/bin/make -f CMakeFiles/cmTC_7042b.dir/build.make CMakeFiles/cmTC_7042b.dir/build
make[1]: Entering directory '/home/scott/catkin_ws/build/rosserial_python/CMakeFiles/CMakeTmp'
Building C object CMakeFiles/cmTC_7042b.dir/CheckFunctionExists.c.o
/usr/bin/cc   -DCHECK_FUNCTION_EXISTS=pthread_create   -o CMakeFiles/cmTC_7042b.dir/CheckFunctionExists.c.o   -c /usr/share/cmake-3.10/Modules/CheckFunctionExists.c
Linking C executable cmTC_7042b
/usr/bin/cmake -E cmake_link_script CMakeFiles/cmTC_7042b.dir/link.txt --verbose=1
/usr/bin/cc  -DCHECK_FUNCTION_EXISTS=pthread_create    -rdynamic CMakeFiles/cmTC_7042b.dir/CheckFunctionExists.c.o  -o cmTC_7042b -lpthreads 
/usr/bin/ld: cannot find -lpthreads
collect2: error: ld returned 1 exit status
CMakeFiles/cmTC_7042b.dir/build.make:97: recipe for target 'cmTC_7042b' failed
make[1]: *** [cmTC_7042b] Error 1
make[1]: Leaving directory '/home/scott/catkin_ws/build/rosserial_python/CMakeFiles/CMakeTmp'
Makefile:126: recipe for target 'cmTC_7042b/fast' failed
make: *** [cmTC_7042b/fast] Error 2


