Determining if the pthread_create exist failed with the following output:
Change Dir: /home/scott/catkin_ws/build/laser_scan_splitter/CMakeFiles/CMakeTmp

Run Build Command:"/usr/bin/make" "cmTC_0e043/fast"
/usr/bin/make -f CMakeFiles/cmTC_0e043.dir/build.make CMakeFiles/cmTC_0e043.dir/build
make[1]: Entering directory '/home/scott/catkin_ws/build/laser_scan_splitter/CMakeFiles/CMakeTmp'
Building C object CMakeFiles/cmTC_0e043.dir/CheckSymbolExists.c.o
/usr/bin/cc    -o CMakeFiles/cmTC_0e043.dir/CheckSymbolExists.c.o   -c /home/scott/catkin_ws/build/laser_scan_splitter/CMakeFiles/CMakeTmp/CheckSymbolExists.c
Linking C executable cmTC_0e043
/usr/bin/cmake -E cmake_link_script CMakeFiles/cmTC_0e043.dir/link.txt --verbose=1
/usr/bin/cc      -rdynamic CMakeFiles/cmTC_0e043.dir/CheckSymbolExists.c.o  -o cmTC_0e043 
CMakeFiles/cmTC_0e043.dir/CheckSymbolExists.c.o: In function `main':
CheckSymbolExists.c:(.text+0x14): undefined reference to `pthread_create'
CheckSymbolExists.c:(.text+0x18): undefined reference to `pthread_create'
collect2: error: ld returned 1 exit status
CMakeFiles/cmTC_0e043.dir/build.make:97: recipe for target 'cmTC_0e043' failed
make[1]: *** [cmTC_0e043] Error 1
make[1]: Leaving directory '/home/scott/catkin_ws/build/laser_scan_splitter/CMakeFiles/CMakeTmp'
Makefile:126: recipe for target 'cmTC_0e043/fast' failed
make: *** [cmTC_0e043/fast] Error 2

File /home/scott/catkin_ws/build/laser_scan_splitter/CMakeFiles/CMakeTmp/CheckSymbolExists.c:
/* */
#include <pthread.h>

int main(int argc, char** argv)
{
  (void)argv;
#ifndef pthread_create
  return ((int*)(&pthread_create))[argc];
#else
  (void)argc;
  return 0;
#endif
}

Determining if the function pthread_create exists in the pthreads failed with the following output:
Change Dir: /home/scott/catkin_ws/build/laser_scan_splitter/CMakeFiles/CMakeTmp

Run Build Command:"/usr/bin/make" "cmTC_b73af/fast"
/usr/bin/make -f CMakeFiles/cmTC_b73af.dir/build.make CMakeFiles/cmTC_b73af.dir/build
make[1]: Entering directory '/home/scott/catkin_ws/build/laser_scan_splitter/CMakeFiles/CMakeTmp'
Building C object CMakeFiles/cmTC_b73af.dir/CheckFunctionExists.c.o
/usr/bin/cc   -DCHECK_FUNCTION_EXISTS=pthread_create   -o CMakeFiles/cmTC_b73af.dir/CheckFunctionExists.c.o   -c /usr/share/cmake-3.10/Modules/CheckFunctionExists.c
Linking C executable cmTC_b73af
/usr/bin/cmake -E cmake_link_script CMakeFiles/cmTC_b73af.dir/link.txt --verbose=1
/usr/bin/cc  -DCHECK_FUNCTION_EXISTS=pthread_create    -rdynamic CMakeFiles/cmTC_b73af.dir/CheckFunctionExists.c.o  -o cmTC_b73af -lpthreads 
/usr/bin/ld: cannot find -lpthreads
collect2: error: ld returned 1 exit status
CMakeFiles/cmTC_b73af.dir/build.make:97: recipe for target 'cmTC_b73af' failed
make[1]: *** [cmTC_b73af] Error 1
make[1]: Leaving directory '/home/scott/catkin_ws/build/laser_scan_splitter/CMakeFiles/CMakeTmp'
Makefile:126: recipe for target 'cmTC_b73af/fast' failed
make: *** [cmTC_b73af/fast] Error 2


